{"type":"server-started","port":59619,"host":"127.0.0.1","url_host":"localhost","url":"http://localhost:59619","screen_dir":"/Volumes/microSD/GitHub/svelte-todo/.superpowers/brainstorm/12304-1778729168/content","state_dir":"/Volumes/microSD/GitHub/svelte-todo/.superpowers/brainstorm/12304-1778729168/state"}
{"type":"screen-added","file":"/Volumes/microSD/GitHub/svelte-todo/.superpowers/brainstorm/12304-1778729168/content/overview.html"}
{"type":"screen-added","file":"/Volumes/microSD/GitHub/svelte-todo/.superpowers/brainstorm/12304-1778729168/content/order-confirmed.html"}
{"type":"screen-added","file":"/Volumes/microSD/GitHub/svelte-todo/.superpowers/brainstorm/12304-1778729168/content/navigation-pattern-done.html"}
{"type":"screen-added","file":"/Volumes/microSD/GitHub/svelte-todo/.superpowers/brainstorm/12304-1778729168/content/archived-selection-done.html"}
{"type":"screen-added","file":"/Volumes/microSD/GitHub/svelte-todo/.superpowers/brainstorm/12304-1778729168/content/calendar-portal-done.html"}
{"type":"screen-added","file":"/Volumes/microSD/GitHub/svelte-todo/.superpowers/brainstorm/12304-1778729168/content/calendar-scroll-done.html"}
{"type":"screen-added","file":"/Volumes/microSD/GitHub/svelte-todo/.superpowers/brainstorm/12304-1778729168/content/design-phase.html"}
{"type":"screen-added","file":"/Volumes/microSD/GitHub/svelte-todo/.superpowers/brainstorm/12304-1778729168/content/package-b-design-v2.html"}
{"type":"screen-added","file":"/Volumes/microSD/GitHub/svelte-todo/.superpowers/brainstorm/12304-1778729168/content/package-c-design.html"}
{"type":"screen-added","file":"/Volumes/microSD/GitHub/svelte-todo/.superpowers/brainstorm/12304-1778729168/content/package-c-design-v2.html"}
{"type":"screen-added","file":"/Volumes/microSD/GitHub/svelte-todo/.superpowers/brainstorm/12304-1778729168/content/package-c-design-v3.html"}
{"type":"screen-added","file":"/Volumes/microSD/GitHub/svelte-todo/.superpowers/brainstorm/12304-1778729168/content/package-d-design.html"}
{"type":"screen-added","file":"/Volumes/microSD/GitHub/svelte-todo/.superpowers/brainstorm/12304-1778729168/content/package-a-design.html"}
{"type":"screen-added","file":"/Volumes/microSD/GitHub/svelte-todo/.superpowers/brainstorm/12304-1778729168/content/waiting.html"}
{"type":"screen-updated","file":"/Volumes/microSD/GitHub/svelte-todo/.superpowers/brainstorm/12304-1778729168/content/archived-selection-done.html"}
{"type":"screen-updated","file":"/Volumes/microSD/GitHub/svelte-todo/.superpowers/brainstorm/12304-1778729168/content/calendar-portal-done.html"}
{"type":"screen-updated","file":"/Volumes/microSD/GitHub/svelte-todo/.superpowers/brainstorm/12304-1778729168/content/calendar-scroll-done.html"}
{"type":"screen-updated","file":"/Volumes/microSD/GitHub/svelte-todo/.superpowers/brainstorm/12304-1778729168/content/design-phase.html"}
{"type":"screen-updated","file":"/Volumes/microSD/GitHub/svelte-todo/.superpowers/brainstorm/12304-1778729168/content/navigation-pattern-done.html"}
{"type":"screen-updated","file":"/Volumes/microSD/GitHub/svelte-todo/.superpowers/brainstorm/12304-1778729168/content/order-confirmed.html"}
{"type":"screen-updated","file":"/Volumes/microSD/GitHub/svelte-todo/.superpowers/brainstorm/12304-1778729168/content/overview.html"}
{"type":"screen-updated","file":"/Volumes/microSD/GitHub/svelte-todo/.superpowers/brainstorm/12304-1778729168/content/package-a-design.html"}
{"type":"screen-updated","file":"/Volumes/microSD/GitHub/svelte-todo/.superpowers/brainstorm/12304-1778729168/content/package-b-design-v2.html"}
{"type":"screen-updated","file":"/Volumes/microSD/GitHub/svelte-todo/.superpowers/brainstorm/12304-1778729168/content/package-c-design-v2.html"}
{"type":"screen-updated","file":"/Volumes/microSD/GitHub/svelte-todo/.superpowers/brainstorm/12304-1778729168/content/package-c-design-v3.html"}
{"type":"screen-updated","file":"/Volumes/microSD/GitHub/svelte-todo/.superpowers/brainstorm/12304-1778729168/content/package-c-design.html"}
{"type":"screen-updated","file":"/Volumes/microSD/GitHub/svelte-todo/.superpowers/brainstorm/12304-1778729168/content/package-d-design.html"}
{"type":"screen-updated","file":"/Volumes/microSD/GitHub/svelte-todo/.superpowers/brainstorm/12304-1778729168/content/waiting.html"}
